<?xml version="1.0" encoding="UTF-8"?>
<!-- Generated by org.testng.reporters.JUnitReportReporter -->
<testsuite hostname="TYSS-Rakesh-B" failures="0" tests="4" name="testScripts.TC01_LoginTest" time="0.025" errors="0" timestamp="2024-02-03T17:24:10 IST" skipped="0">
  <testcase classname="testScripts.TC01_LoginTest" name="loginTestCase" time="0.015"/>
  <system-out/>
  <testcase classname="testScripts.TC01_LoginTest" name="loginTestCase" time="0.004"/>
  <system-out/>
  <testcase classname="testScripts.TC01_LoginTest" name="loginTestCase" time="0.003"/>
  <system-out/>
  <testcase classname="testScripts.TC01_LoginTest" name="loginTestCase" time="0.003"/>
  <system-out/>
</testsuite> <!-- testScripts.TC01_LoginTest -->
